<?xml version="1.0" encoding="UTF-8"?>
<!-- Generated by org.testng.reporters.JUnitXMLReporter -->
<testsuite hostname="DESKTOP-IJV904P" name="Test" tests="1" failures="1" timestamp="14 Sep 2019 22:46:09 GMT" time="8.753" errors="0">
  <testcase name="openNewAccount" time="0.802" classname="selenium.NewTest">
    <failure type="java.lang.AssertionError" message="expected result is not actual result expected:&amp;lt;ParaBank | Open Account&amp;gt; but was:&amp;lt;ParaBank | Open Account1&amp;gt;">
      <![CDATA[java.lang.AssertionError: expected result is not actual result expected:<ParaBank | Open Account> but was:<ParaBank | Open Account1>
	at selenium.NewTest.openNewAccount(NewTest.java:63)
	at org.apache.maven.surefire.testng.TestNGExecutor.run(TestNGExecutor.java:178)
	at org.apache.maven.surefire.testng.TestNGXmlTestSuite.execute(TestNGXmlTestSuite.java:92)
	at org.apache.maven.surefire.testng.TestNGProvider.invoke(TestNGProvider.java:96)
	at org.apache.maven.surefire.util.ReflectionUtils.invokeMethodWithArray2(ReflectionUtils.java:208)
	at org.apache.maven.surefire.booter.ProviderFactory$ProviderProxy.invoke(ProviderFactory.java:159)
	at org.apache.maven.surefire.booter.ProviderFactory.invokeProvider(ProviderFactory.java:87)
	at org.apache.maven.surefire.booter.ForkedBooter.runSuitesInProcess(ForkedBooter.java:153)
	at org.apache.maven.surefire.booter.ForkedBooter.main(ForkedBooter.java:95)
... Removed 26 stack frames]]>
    </failure>
  </testcase> <!-- openNewAccount -->
</testsuite> <!-- Test -->
