<?xml version="1.0" encoding="UTF-8"?>
<testng-results skipped="0" failed="1" total="1" passed="0">
  <reporter-output>
  </reporter-output>
  <suite name="Suite" duration-ms="8753" started-at="2019-09-14T22:46:00Z" finished-at="2019-09-14T22:46:09Z">
    <groups>
    </groups>
    <test name="Test" duration-ms="8753" started-at="2019-09-14T22:46:00Z" finished-at="2019-09-14T22:46:09Z">
      <class name="selenium.NewTest">
        <test-method status="PASS" signature="first()[pri:0, instance:selenium.NewTest@7c30a502]" name="first" is-config="true" duration-ms="5883" started-at="2019-09-14T17:46:00Z" finished-at="2019-09-14T17:46:06Z">
          <reporter-output>
          </reporter-output>
        </test-method> <!-- first -->
        <test-method status="PASS" signature="logon()[pri:0, instance:selenium.NewTest@7c30a502]" name="logon" is-config="true" duration-ms="2050" started-at="2019-09-14T17:46:06Z" finished-at="2019-09-14T17:46:08Z">
          <reporter-output>
          </reporter-output>
        </test-method> <!-- logon -->
        <test-method status="FAIL" signature="openNewAccount()[pri:0, instance:selenium.NewTest@7c30a502]" name="openNewAccount" duration-ms="802" started-at="2019-09-14T17:46:08Z" finished-at="2019-09-14T17:46:09Z">
          <exception class="java.lang.AssertionError">
            <message>
              <![CDATA[expected result is not actual result expected:<ParaBank | Open Account> but was:<ParaBank | Open Account1>]]>
            </message>
            <full-stacktrace>
              <![CDATA[java.lang.AssertionError: expected result is not actual result expected:<ParaBank | Open Account> but was:<ParaBank | Open Account1>
	at org.testng.AssertJUnit.assertEquals(AssertJUnit.java:101)
	at selenium.NewTest.openNewAccount(NewTest.java:63)
	at sun.reflect.NativeMethodAccessorImpl.invoke0(Native Method)
	at sun.reflect.NativeMethodAccessorImpl.invoke(NativeMethodAccessorImpl.java:62)
	at sun.reflect.DelegatingMethodAccessorImpl.invoke(DelegatingMethodAccessorImpl.java:43)
	at java.lang.reflect.Method.invoke(Method.java:498)
	at org.testng.internal.MethodInvocationHelper.invokeMethod(MethodInvocationHelper.java:80)
	at org.testng.internal.Invoker.invokeMethod(Invoker.java:714)
	at org.testng.internal.Invoker.invokeTestMethod(Invoker.java:901)
	at org.testng.internal.Invoker.invokeTestMethods(Invoker.java:1231)
	at org.testng.internal.TestMethodWorker.invokeTestMethods(TestMethodWorker.java:127)
	at org.testng.internal.TestMethodWorker.run(TestMethodWorker.java:111)
	at org.testng.TestRunner.privateRun(TestRunner.java:767)
	at org.testng.TestRunner.run(TestRunner.java:617)
	at org.testng.SuiteRunner.runTest(SuiteRunner.java:334)
	at org.testng.SuiteRunner.runSequentially(SuiteRunner.java:329)
	at org.testng.SuiteRunner.privateRun(SuiteRunner.java:291)
	at org.testng.SuiteRunner.run(SuiteRunner.java:240)
	at org.testng.SuiteRunnerWorker.runSuite(SuiteRunnerWorker.java:52)
	at org.testng.SuiteRunnerWorker.run(SuiteRunnerWorker.java:86)
	at org.testng.TestNG.runSuitesSequentially(TestNG.java:1198)
	at org.testng.TestNG.runSuitesLocally(TestNG.java:1123)
	at org.testng.TestNG.run(TestNG.java:1031)
	at org.apache.maven.surefire.testng.TestNGExecutor.run(TestNGExecutor.java:178)
	at org.apache.maven.surefire.testng.TestNGXmlTestSuite.execute(TestNGXmlTestSuite.java:92)
	at org.apache.maven.surefire.testng.TestNGProvider.invoke(TestNGProvider.java:96)
	at sun.reflect.NativeMethodAccessorImpl.invoke0(Native Method)
	at sun.reflect.NativeMethodAccessorImpl.invoke(NativeMethodAccessorImpl.java:62)
	at sun.reflect.DelegatingMethodAccessorImpl.invoke(DelegatingMethodAccessorImpl.java:43)
	at java.lang.reflect.Method.invoke(Method.java:498)
	at org.apache.maven.surefire.util.ReflectionUtils.invokeMethodWithArray2(ReflectionUtils.java:208)
	at org.apache.maven.surefire.booter.ProviderFactory$ProviderProxy.invoke(ProviderFactory.java:159)
	at org.apache.maven.surefire.booter.ProviderFactory.invokeProvider(ProviderFactory.java:87)
	at org.apache.maven.surefire.booter.ForkedBooter.runSuitesInProcess(ForkedBooter.java:153)
	at org.apache.maven.surefire.booter.ForkedBooter.main(ForkedBooter.java:95)
]]>
            </full-stacktrace>
          </exception> <!-- java.lang.AssertionError -->
          <reporter-output>
          </reporter-output>
        </test-method> <!-- openNewAccount -->
      </class> <!-- selenium.NewTest -->
    </test> <!-- Test -->
  </suite> <!-- Suite -->
</testng-results>
